<?xml version="1.0" encoding="UTF-8"?>
<testsuite xmlns:xsi="http://www.w3.org/2001/XMLSchema-instance" xsi:noNamespaceSchemaLocation="https://maven.apache.org/surefire/maven-surefire-plugin/xsd/surefire-test-report-3.0.xsd" version="3.0" name="Login Feature" time="201.819" tests="1" errors="0" skipped="0" failures="0">
  <properties>
[...]
</properties>
  <testcase name="To verify Login functionality" classname="Login Feature" time="201.819">
    <system-out><![CDATA[
@initial
Scenario: To verify Login functionality                               # src/test/resources/features/First.feature:12
E:\ework\tutninja\src\main\java\Excel\testdata.xlsx
chrome
  Given User is on the Initial page                                   # stepdefs.Initialdefs.user_is_on_the_initial_page()
 actual title is Your Store
 expected title is Your Store
  Then User verifies the title of the page                            # stepdefs.Initialdefs.user_verifies_the_title_of_the_page()
  And User hovers over the account section and clicks on it           # stepdefs.Initialdefs.user_hovers_over_the_account_section_and_clicks_on_it()
disp status is true
  Then Two options Register and Logi should get displayed to the user # stepdefs.Initialdefs.two_options_register_and_logi_should_get_displayed_to_the_user()
  When User clicks on the login option                                # stepdefs.Initialdefs.user_clicks_on_the_login_option()
user is on the loginpage
  Then User should landed on the login page                           # stepdefs.Initialdefs.user_should_landed_on_the_login_page()
user is on the login page
  Given User is already on the login page                             # stepdefs.Initialdefs.user_is_already_on_the_login_page()
  When User clicks on login button without any credentials            # stepdefs.Initialdefs.user_clicks_on_login_button_without_any_credentials()
  Then A Warning Message should get displayed                         # stepdefs.Initialdefs.a_warning_message_should_get_displayed()
1
2
darshanmesta33@gmail.com
DarshanKA47@
  When user enters the valid username and password                    # stepdefs.Initialdefs.user_enters_the_valid_username_and_password()
  And User clicks on login button                                     # stepdefs.Initialdefs.user_clicks_on_login_button()
  Then User lands on the home page                                    # stepdefs.Initialdefs.user_lands_on_the_home_page()
]]></system-out>
    <system-err><![CDATA[SLF4J: Failed to load class "org.slf4j.impl.StaticLoggerBinder".
SLF4J: Defaulting to no-operation (NOP) logger implementation
SLF4J: See http://www.slf4j.org/codes.html#StaticLoggerBinder for further details.
Starting ChromeDriver 87.0.4280.88 (89e2380a3e36c3464b5dd1302349b1382549290d-refs/branch-heads/4280@{#1761}) on port 6653
Only local connections are allowed.
Please see https://chromedriver.chromium.org/security-considerations for suggestions on keeping ChromeDriver safe.
ChromeDriver was started successfully.
Jan 27, 2021 3:04:23 PM org.openqa.selenium.remote.ProtocolHandshake createSession
INFO: Detected dialect: W3C
Jan 27, 2021 3:04:23 PM org.openqa.selenium.remote.ProtocolHandshake createSession
INFO: Detected dialect: W3C
]]></system-err>
  </testcase>
</testsuite>