<?xml version="1.0" encoding="UTF-8"?>
<testsuite xmlns:xsi="http://www.w3.org/2001/XMLSchema-instance" xsi:noNamespaceSchemaLocation="https://maven.apache.org/surefire/maven-surefire-plugin/xsd/surefire-test-report-3.0.xsd" version="3.0" name="Home page features and Scenarios" time="111.348" tests="1" errors="0" skipped="0" failures="0">
  <properties>
[...]
</properties>
  <testcase name="To verify the Add to cart functionality" classname="Home page features and Scenarios" time="111.348">
    <system-out><![CDATA[┌──────────────────────────────────────────────────────────────────────────┐
│ View your Cucumber Report at:                                            │
│ https://reports.cucumber.io/reports/f1055d9d-42bb-440a-8f03-2c849f17c0f4 │
│                                                                          │
│ This report will self-destruct in 24h.                                   │
│ Keep reports forever: https://reports.cucumber.io/profile                │
└──────────────────────────────────────────────────────────────────────────┘

Scenario: To verify the Add to cart functionality                                       # src/test/resources/features/Homepage.feature:7
E:\ework\tutninja\src\main\java\Excel\testdata.xlsx
chrome
1
2
darshanmesta33@gmail.com
DarshanKA47@
  Given User is already logged into the application                                     # stepdefs.Homepagedefs.user_is_already_logged_into_the_application()
My Account
My Account
  Given User is already present on the home page                                        # stepdefs.Homepagedefs.user_is_already_present_on_the_home_page()
  When User hovers over the Desktops tab and clicks on it                               # stepdefs.Homepagedefs.user_hovers_over_the_desktops_tab_and_clicks_on_it()
  Then A list should get displayed containing options pc and mac                        # stepdefs.Homepagedefs.a_list_should_get_displayed_containing_options_pc_and_mac()
  When User clicks on Show All Desktops option                                          # stepdefs.Homepagedefs.user_clicks_on_show_all_desktops_option()
Desktops
Desktops
  Then Desktops page should get displayed to the User                                   # stepdefs.Homepagedefs.desktops_page_should_get_displayed_to_the_user()
  And User must be able to see HP LP3065 laptop                                         # stepdefs.Homepagedefs.user_must_be_able_to_see_hp_lp3065_laptop()
  When User clicks on addto cart button of HP Laptop                                    # stepdefs.Homepagedefs.user_clicks_on_addto_cart_button_of_hp_laptop()
HP LP3065
HP LP3065
  Then HP laptop page should get displayed                                              # stepdefs.Homepagedefs.hp_laptop_page_should_get_displayed()
  And User must be able to change the qty and enter qty as ex:2                         # stepdefs.Homepagedefs.user_must_be_able_to_change_the_qty_and_enter_qty_as_ex2()
  When User clicks on Add to cart button                                                # stepdefs.Homepagedefs.user_clicks_on_add_to_cart_button()
  Then User must be able to see a success message                                       # stepdefs.Homepagedefs.user_must_be_able_to_see_a_success_message()
  And User must be able to see the qty entered by him in the cart with respecive amount # stepdefs.Homepagedefs.user_must_be_able_to_see_the_qty_entered_by_him_in_the_cart_with_respecive_amount()
  When User clicks on logout button then user should be logged out successfully         # stepdefs.Homepagedefs.user_clicks_on_logout_button_then_user_should_be_logged_out_successfully()
]]></system-out>
    <system-err><![CDATA[Starting ChromeDriver 87.0.4280.88 (89e2380a3e36c3464b5dd1302349b1382549290d-refs/branch-heads/4280@{#1761}) on port 28305
Only local connections are allowed.
Please see https://chromedriver.chromium.org/security-considerations for suggestions on keeping ChromeDriver safe.
ChromeDriver was started successfully.
Jan 20, 2021 4:51:25 PM org.openqa.selenium.remote.ProtocolHandshake createSession
INFO: Detected dialect: W3C
]]></system-err>
  </testcase>
</testsuite>